<?xml version="1.0" encoding="UTF-8" ?>
<testsuite failures="0" time="0.344" errors="0" skipped="0" tests="5" name="SimpleTest">
  <properties>
[...]
</properties>
  <testcase time="0.016" classname="SimpleTest" name="doNothing"/>
  <testcase time="0.047" classname="SimpleTest" name="testThread:2"/>
  <testcase time="0" classname="SimpleTest" name="testThread:4"/>
  <testcase time="0" classname="SimpleTest" name="testThread:6"/>
  <testcase time="0" classname="SimpleTest" name="testThread:8"/>
</testsuite>